<?xml version="1.0" encoding="UTF-8"?>
<testsuite name="com.jojoldu.book.springboot.web.IndexControllerTest" tests="1" skipped="0" failures="0" errors="0" timestamp="2020-08-13T06:46:49" hostname="DESKTOP-764N2AD" time="0.329">
  <properties/>
  <testcase name="main_page_load" classname="com.jojoldu.book.springboot.web.IndexControllerTest" time="0.329"/>
  <system-out><![CDATA[2020-08-13 15:46:45.021  INFO 15440 --- [    Test worker] .b.t.c.SpringBootTestContextBootstrapper : Neither @ContextConfiguration nor @ContextHierarchy found for test class [com.jojoldu.book.springboot.web.IndexControllerTest], using SpringBootContextLoader
2020-08-13 15:46:45.023  INFO 15440 --- [    Test worker] o.s.t.c.support.AbstractContextLoader    : Could not detect default resource locations for test class [com.jojoldu.book.springboot.web.IndexControllerTest]: no resource found for suffixes {-context.xml, Context.groovy}.
2020-08-13 15:46:45.023  INFO 15440 --- [    Test worker] t.c.s.AnnotationConfigContextLoaderUtils : Could not detect default configuration classes for test class [com.jojoldu.book.springboot.web.IndexControllerTest]: IndexControllerTest does not declare any static, non-private, non-final, nested classes annotated with @Configuration.
2020-08-13 15:46:45.026  INFO 15440 --- [    Test worker] .b.t.c.SpringBootTestContextBootstrapper : Found @SpringBootConfiguration com.jojoldu.book.springboot.Application for test class com.jojoldu.book.springboot.web.IndexControllerTest
2020-08-13 15:46:45.028  INFO 15440 --- [    Test worker] .b.t.c.SpringBootTestContextBootstrapper : Loaded default TestExecutionListener class names from location [META-INF/spring.factories]: [org.springframework.security.test.context.support.WithSecurityContextTestExecutionListener, org.springframework.security.test.context.support.ReactorContextTestExecutionListener, org.springframework.boot.test.autoconfigure.restdocs.RestDocsTestExecutionListener, org.springframework.boot.test.autoconfigure.web.client.MockRestServiceServerResetTestExecutionListener, org.springframework.boot.test.autoconfigure.web.servlet.MockMvcPrintOnlyOnFailureTestExecutionListener, org.springframework.boot.test.autoconfigure.web.servlet.WebDriverTestExecutionListener, org.springframework.boot.test.mock.mockito.MockitoTestExecutionListener, org.springframework.boot.test.mock.mockito.ResetMocksTestExecutionListener, org.springframework.test.context.web.ServletTestExecutionListener, org.springframework.test.context.support.DirtiesContextBeforeModesTestExecutionListener, org.springframework.test.context.support.DependencyInjectionTestExecutionListener, org.springframework.test.context.support.DirtiesContextTestExecutionListener, org.springframework.test.context.transaction.TransactionalTestExecutionListener, org.springframework.test.context.jdbc.SqlScriptsTestExecutionListener]
2020-08-13 15:46:45.029  INFO 15440 --- [    Test worker] .b.t.c.SpringBootTestContextBootstrapper : Using TestExecutionListeners: [org.springframework.test.context.web.ServletTestExecutionListener@73d5c88f, org.springframework.test.context.support.DirtiesContextBeforeModesTestExecutionListener@7fe85636, org.springframework.boot.test.mock.mockito.MockitoTestExecutionListener@ee9da9e, org.springframework.boot.test.autoconfigure.SpringBootDependencyInjectionTestExecutionListener@3bfb3651, org.springframework.test.context.support.DirtiesContextTestExecutionListener@66b71011, org.springframework.test.context.transaction.TransactionalTestExecutionListener@5bd3b317, org.springframework.test.context.jdbc.SqlScriptsTestExecutionListener@1b2ebfd9, org.springframework.security.test.context.support.WithSecurityContextTestExecutionListener@79854b53, org.springframework.security.test.context.support.ReactorContextTestExecutionListener@27ecfbea, org.springframework.boot.test.autoconfigure.restdocs.RestDocsTestExecutionListener@61e1af0b, org.springframework.boot.test.autoconfigure.web.client.MockRestServiceServerResetTestExecutionListener@f5f1499, org.springframework.boot.test.autoconfigure.web.servlet.MockMvcPrintOnlyOnFailureTestExecutionListener@5c5309f2, org.springframework.boot.test.autoconfigure.web.servlet.WebDriverTestExecutionListener@1ca09a39, org.springframework.boot.test.mock.mockito.ResetMocksTestExecutionListener@70d5e751]

  .   ____          _            __ _ _
 /\\ / ___'_ __ _ _(_)_ __  __ _ \ \ \ \
( ( )\___ | '_ | '_| | '_ \/ _` | \ \ \ \
 \\/  ___)| |_)| | | | | || (_| |  ) ) ) )
  '  |____| .__|_| |_|_| |_\__, | / / / /
 =========|_|==============|___/=/_/_/_/
 :: Spring Boot ::        (v2.1.7.RELEASE)

2020-08-13 15:46:45.090  INFO 15440 --- [    Test worker] c.j.b.s.web.IndexControllerTest          : Starting IndexControllerTest on DESKTOP-764N2AD with PID 15440 (started by sylee in C:\Users\sylee\IdeaProjects\freelec-springboot2-webservice)
2020-08-13 15:46:45.090  INFO 15440 --- [    Test worker] c.j.b.s.web.IndexControllerTest          : No active profile set, falling back to default profiles: default
2020-08-13 15:46:45.525  INFO 15440 --- [    Test worker] .s.d.r.c.RepositoryConfigurationDelegate : Bootstrapping Spring Data repositories in DEFAULT mode.
2020-08-13 15:46:45.577  INFO 15440 --- [    Test worker] .s.d.r.c.RepositoryConfigurationDelegate : Finished Spring Data repository scanning in 52ms. Found 2 repository interfaces.
2020-08-13 15:46:45.760  INFO 15440 --- [    Test worker] trationDelegate$BeanPostProcessorChecker : Bean 'org.springframework.transaction.annotation.ProxyTransactionManagementConfiguration' of type [org.springframework.transaction.annotation.ProxyTransactionManagementConfiguration$$EnhancerBySpringCGLIB$$2af062fe] is not eligible for getting processed by all BeanPostProcessors (for example: not eligible for auto-proxying)
2020-08-13 15:46:46.321  INFO 15440 --- [    Test worker] o.s.b.w.embedded.tomcat.TomcatWebServer  : Tomcat initialized with port(s): 0 (http)
2020-08-13 15:46:46.376  INFO 15440 --- [    Test worker] o.apache.catalina.core.StandardService   : Starting service [Tomcat]
2020-08-13 15:46:46.377  INFO 15440 --- [    Test worker] org.apache.catalina.core.StandardEngine  : Starting Servlet engine: [Apache Tomcat/9.0.22]
2020-08-13 15:46:46.399  INFO 15440 --- [    Test worker] o.a.catalina.core.AprLifecycleListener   : Loaded APR based Apache Tomcat Native library [1.2.24] using APR version [1.7.0].
2020-08-13 15:46:46.399  INFO 15440 --- [    Test worker] o.a.catalina.core.AprLifecycleListener   : APR capabilities: IPv6 [true], sendfile [true], accept filters [false], random [true].
2020-08-13 15:46:46.399  INFO 15440 --- [    Test worker] o.a.catalina.core.AprLifecycleListener   : APR/OpenSSL configuration: useAprConnector [false], useOpenSSL [true]
2020-08-13 15:46:46.426  INFO 15440 --- [    Test worker] o.a.catalina.core.AprLifecycleListener   : OpenSSL successfully initialized [OpenSSL 1.1.1g  21 Apr 2020]
2020-08-13 15:46:46.717  INFO 15440 --- [    Test worker] o.a.c.c.C.[Tomcat].[localhost].[/]       : Initializing Spring embedded WebApplicationContext
2020-08-13 15:46:46.718  INFO 15440 --- [    Test worker] o.s.web.context.ContextLoader            : Root WebApplicationContext: initialization completed in 1622 ms
2020-08-13 15:46:47.040  INFO 15440 --- [    Test worker] com.zaxxer.hikari.HikariDataSource       : HikariPool-2 - Starting...
2020-08-13 15:46:47.042  INFO 15440 --- [    Test worker] com.zaxxer.hikari.HikariDataSource       : HikariPool-2 - Start completed.
2020-08-13 15:46:47.115  INFO 15440 --- [    Test worker] o.hibernate.jpa.internal.util.LogHelper  : HHH000204: Processing PersistenceUnitInfo [
	name: default
	...]
2020-08-13 15:46:47.135  INFO 15440 --- [    Test worker] org.hibernate.dialect.Dialect            : HHH000400: Using dialect: org.hibernate.dialect.MySQL5InnoDBDialect
Hibernate: drop table if exists posts
Hibernate: drop table if exists user
Hibernate: create table posts (id bigint not null auto_increment, created_date datetime, modified_date datetime, author varchar(255), content TEXT not null, title varchar(500) not null, primary key (id)) engine=InnoDB
Hibernate: create table user (id bigint not null auto_increment, email varchar(255) not null, name varchar(255) not null, picture varchar(255), role varchar(255) not null, primary key (id)) engine=InnoDB
2020-08-13 15:46:47.228  INFO 15440 --- [    Test worker] o.h.t.schema.internal.SchemaCreatorImpl  : HHH000476: Executing import script 'org.hibernate.tool.schema.internal.exec.ScriptSourceInputNonExistentImpl@56ccf042'
2020-08-13 15:46:47.228  INFO 15440 --- [    Test worker] j.LocalContainerEntityManagerFactoryBean : Initialized JPA EntityManagerFactory for persistence unit 'default'
2020-08-13 15:46:47.760  INFO 15440 --- [    Test worker] o.h.h.i.QueryTranslatorFactoryInitiator  : HHH000397: Using ASTQueryTranslatorFactory
2020-08-13 15:46:48.042  INFO 15440 --- [    Test worker] o.s.s.web.DefaultSecurityFilterChain     : Creating filter chain: any request, [org.springframework.security.web.context.request.async.WebAsyncManagerIntegrationFilter@750be3f4, org.springframework.security.web.context.SecurityContextPersistenceFilter@3623c2e3, org.springframework.security.web.header.HeaderWriterFilter@2d3b5d61, org.springframework.security.web.authentication.logout.LogoutFilter@e04d17b, org.springframework.security.oauth2.client.web.OAuth2AuthorizationRequestRedirectFilter@6db0db3, org.springframework.security.oauth2.client.web.OAuth2LoginAuthenticationFilter@6617459c, org.springframework.security.web.authentication.ui.DefaultLoginPageGeneratingFilter@26183b81, org.springframework.security.web.authentication.ui.DefaultLogoutPageGeneratingFilter@27309904, org.springframework.security.web.savedrequest.RequestCacheAwareFilter@5b5947cd, org.springframework.security.web.servletapi.SecurityContextHolderAwareRequestFilter@2c7ec992, org.springframework.security.web.authentication.AnonymousAuthenticationFilter@79d8aec4, org.springframework.security.web.session.SessionManagementFilter@f70b397, org.springframework.security.web.access.ExceptionTranslationFilter@4e34647e, org.springframework.security.web.access.intercept.FilterSecurityInterceptor@4d03ed5c]
2020-08-13 15:46:48.403  INFO 15440 --- [    Test worker] o.s.s.concurrent.ThreadPoolTaskExecutor  : Initializing ExecutorService 'applicationTaskExecutor'
2020-08-13 15:46:48.423  WARN 15440 --- [    Test worker] aWebConfiguration$JpaWebMvcConfiguration : spring.jpa.open-in-view is enabled by default. Therefore, database queries may be performed during view rendering. Explicitly configure spring.jpa.open-in-view to disable this warning
2020-08-13 15:46:48.483  INFO 15440 --- [    Test worker] o.s.b.a.w.s.WelcomePageHandlerMapping    : Adding welcome page template: index
2020-08-13 15:46:49.039  INFO 15440 --- [    Test worker] s.a.ScheduledAnnotationBeanPostProcessor : No TaskScheduler/ScheduledExecutorService bean found for scheduled processing
2020-08-13 15:46:49.077  INFO 15440 --- [    Test worker] o.s.b.w.embedded.tomcat.TomcatWebServer  : Tomcat started on port(s): 13296 (http) with context path ''
2020-08-13 15:46:49.078  INFO 15440 --- [    Test worker] c.j.b.s.web.IndexControllerTest          : Started IndexControllerTest in 4.046 seconds (JVM running for 18.583)
2020-08-13 15:46:49.259  INFO 15440 --- [o-auto-1-exec-1] o.a.c.c.C.[Tomcat].[localhost].[/]       : Initializing Spring DispatcherServlet 'dispatcherServlet'
2020-08-13 15:46:49.259  INFO 15440 --- [o-auto-1-exec-1] o.s.web.servlet.DispatcherServlet        : Initializing Servlet 'dispatcherServlet'
2020-08-13 15:46:49.300  INFO 15440 --- [o-auto-1-exec-1] o.s.web.servlet.DispatcherServlet        : Completed initialization in 40 ms
Hibernate: select posts0_.id as id1_0_, posts0_.created_date as created_2_0_, posts0_.modified_date as modified3_0_, posts0_.author as author4_0_, posts0_.content as content5_0_, posts0_.title as title6_0_ from posts posts0_
]]></system-out>
  <system-err><![CDATA[]]></system-err>
</testsuite>
