<?xml version="1.0" encoding="UTF-8"?>
<testsuite name="com.jojoldu.book.springboot.web.HelloControllerTest" tests="2" skipped="0" failures="0" errors="0" timestamp="2020-08-13T06:46:44" hostname="DESKTOP-764N2AD" time="0.307">
  <properties/>
  <testcase name="hello_is_returned" classname="com.jojoldu.book.springboot.web.HelloControllerTest" time="0.136"/>
  <testcase name="helloDto_is_returned" classname="com.jojoldu.book.springboot.web.HelloControllerTest" time="0.17"/>
  <system-out><![CDATA[2020-08-13 15:46:43.130  INFO 15440 --- [    Test worker] .b.t.a.w.s.WebMvcTestContextBootstrapper : Neither @ContextConfiguration nor @ContextHierarchy found for test class [com.jojoldu.book.springboot.web.HelloControllerTest], using SpringBootContextLoader
2020-08-13 15:46:43.131  INFO 15440 --- [    Test worker] o.s.t.c.support.AbstractContextLoader    : Could not detect default resource locations for test class [com.jojoldu.book.springboot.web.HelloControllerTest]: no resource found for suffixes {-context.xml, Context.groovy}.
2020-08-13 15:46:43.131  INFO 15440 --- [    Test worker] t.c.s.AnnotationConfigContextLoaderUtils : Could not detect default configuration classes for test class [com.jojoldu.book.springboot.web.HelloControllerTest]: HelloControllerTest does not declare any static, non-private, non-final, nested classes annotated with @Configuration.
2020-08-13 15:46:43.176  INFO 15440 --- [    Test worker] .b.t.c.SpringBootTestContextBootstrapper : Found @SpringBootConfiguration com.jojoldu.book.springboot.Application for test class com.jojoldu.book.springboot.web.HelloControllerTest
2020-08-13 15:46:43.177  INFO 15440 --- [    Test worker] .b.t.a.w.s.WebMvcTestContextBootstrapper : Loaded default TestExecutionListener class names from location [META-INF/spring.factories]: [org.springframework.security.test.context.support.WithSecurityContextTestExecutionListener, org.springframework.security.test.context.support.ReactorContextTestExecutionListener, org.springframework.boot.test.autoconfigure.restdocs.RestDocsTestExecutionListener, org.springframework.boot.test.autoconfigure.web.client.MockRestServiceServerResetTestExecutionListener, org.springframework.boot.test.autoconfigure.web.servlet.MockMvcPrintOnlyOnFailureTestExecutionListener, org.springframework.boot.test.autoconfigure.web.servlet.WebDriverTestExecutionListener, org.springframework.boot.test.mock.mockito.MockitoTestExecutionListener, org.springframework.boot.test.mock.mockito.ResetMocksTestExecutionListener, org.springframework.test.context.web.ServletTestExecutionListener, org.springframework.test.context.support.DirtiesContextBeforeModesTestExecutionListener, org.springframework.test.context.support.DependencyInjectionTestExecutionListener, org.springframework.test.context.support.DirtiesContextTestExecutionListener, org.springframework.test.context.transaction.TransactionalTestExecutionListener, org.springframework.test.context.jdbc.SqlScriptsTestExecutionListener]
2020-08-13 15:46:43.180  INFO 15440 --- [    Test worker] .b.t.a.w.s.WebMvcTestContextBootstrapper : Using TestExecutionListeners: [org.springframework.test.context.web.ServletTestExecutionListener@21f97849, org.springframework.test.context.support.DirtiesContextBeforeModesTestExecutionListener@7ae06e8c, org.springframework.boot.test.mock.mockito.MockitoTestExecutionListener@6de9f760, org.springframework.boot.test.autoconfigure.SpringBootDependencyInjectionTestExecutionListener@5771bf7f, org.springframework.test.context.support.DirtiesContextTestExecutionListener@3d20bee8, org.springframework.test.context.transaction.TransactionalTestExecutionListener@444d23ce, org.springframework.test.context.jdbc.SqlScriptsTestExecutionListener@66bd9ed0, org.springframework.security.test.context.support.WithSecurityContextTestExecutionListener@3ced5f3f, org.springframework.security.test.context.support.ReactorContextTestExecutionListener@40261b4, org.springframework.boot.test.autoconfigure.restdocs.RestDocsTestExecutionListener@29fc71a9, org.springframework.boot.test.autoconfigure.web.client.MockRestServiceServerResetTestExecutionListener@233d2158, org.springframework.boot.test.autoconfigure.web.servlet.MockMvcPrintOnlyOnFailureTestExecutionListener@75ff86a7, org.springframework.boot.test.autoconfigure.web.servlet.WebDriverTestExecutionListener@6267466d, org.springframework.boot.test.mock.mockito.ResetMocksTestExecutionListener@28dc12b1]

  .   ____          _            __ _ _
 /\\ / ___'_ __ _ _(_)_ __  __ _ \ \ \ \
( ( )\___ | '_ | '_| | '_ \/ _` | \ \ \ \
 \\/  ___)| |_)| | | | | || (_| |  ) ) ) )
  '  |____| .__|_| |_|_| |_\__, | / / / /
 =========|_|==============|___/=/_/_/_/
 :: Spring Boot ::        (v2.1.7.RELEASE)

2020-08-13 15:46:43.239  INFO 15440 --- [    Test worker] c.j.b.s.web.HelloControllerTest          : Starting HelloControllerTest on DESKTOP-764N2AD with PID 15440 (started by sylee in C:\Users\sylee\IdeaProjects\freelec-springboot2-webservice)
2020-08-13 15:46:43.240  INFO 15440 --- [    Test worker] c.j.b.s.web.HelloControllerTest          : No active profile set, falling back to default profiles: default
2020-08-13 15:46:43.924  INFO 15440 --- [    Test worker] o.s.s.concurrent.ThreadPoolTaskExecutor  : Initializing ExecutorService 'applicationTaskExecutor'
2020-08-13 15:46:43.985  INFO 15440 --- [    Test worker] o.s.b.a.w.s.WelcomePageHandlerMapping    : Adding welcome page template: index
2020-08-13 15:46:44.338  INFO 15440 --- [    Test worker] .s.s.UserDetailsServiceAutoConfiguration : 

Using generated security password: 7ff4100d-d7b8-4ed9-a1e3-5a249a7b73dc

2020-08-13 15:46:44.568  INFO 15440 --- [    Test worker] o.s.s.web.DefaultSecurityFilterChain     : Creating filter chain: any request, [org.springframework.security.web.context.request.async.WebAsyncManagerIntegrationFilter@1268489a, org.springframework.security.web.context.SecurityContextPersistenceFilter@4eef8f77, org.springframework.security.web.header.HeaderWriterFilter@52b375b4, org.springframework.security.web.csrf.CsrfFilter@7b3167d4, org.springframework.security.web.authentication.logout.LogoutFilter@69a5b672, org.springframework.security.web.authentication.UsernamePasswordAuthenticationFilter@282289a5, org.springframework.security.web.authentication.ui.DefaultLoginPageGeneratingFilter@2cdadc68, org.springframework.security.web.authentication.ui.DefaultLogoutPageGeneratingFilter@64157bc4, org.springframework.security.web.authentication.www.BasicAuthenticationFilter@394dac0e, org.springframework.security.web.savedrequest.RequestCacheAwareFilter@223942fd, org.springframework.security.web.servletapi.SecurityContextHolderAwareRequestFilter@6bee9ddb, org.springframework.security.web.authentication.AnonymousAuthenticationFilter@30ec8694, org.springframework.security.web.session.SessionManagementFilter@22ccb7f1, org.springframework.security.web.access.ExceptionTranslationFilter@318ba639, org.springframework.security.web.access.intercept.FilterSecurityInterceptor@b1215eb]
2020-08-13 15:46:44.628  INFO 15440 --- [    Test worker] o.s.b.t.m.w.SpringBootMockServletContext : Initializing Spring TestDispatcherServlet ''
2020-08-13 15:46:44.629  INFO 15440 --- [    Test worker] o.s.t.web.servlet.TestDispatcherServlet  : Initializing Servlet ''
2020-08-13 15:46:44.651  INFO 15440 --- [    Test worker] o.s.t.web.servlet.TestDispatcherServlet  : Completed initialization in 22 ms
2020-08-13 15:46:44.702  INFO 15440 --- [    Test worker] c.j.b.s.web.HelloControllerTest          : Started HelloControllerTest in 1.518 seconds (JVM running for 14.208)
]]></system-out>
  <system-err><![CDATA[]]></system-err>
</testsuite>
