<?xml version="1.0" encoding="UTF-8"?>
<testsuite name="com.jojoldu.book.springboot.web.IndexControllerTest" tests="1" skipped="0" failures="0" errors="0" timestamp="2020-08-11T08:53:59" hostname="DESKTOP-764N2AD" time="0.294">
  <properties/>
  <testcase name="main_page_load" classname="com.jojoldu.book.springboot.web.IndexControllerTest" time="0.294"/>
  <system-out><![CDATA[2020-08-11 17:53:55.461  INFO 36360 --- [    Test worker] .b.t.c.SpringBootTestContextBootstrapper : Neither @ContextConfiguration nor @ContextHierarchy found for test class [com.jojoldu.book.springboot.web.IndexControllerTest], using SpringBootContextLoader
2020-08-11 17:53:55.462  INFO 36360 --- [    Test worker] o.s.t.c.support.AbstractContextLoader    : Could not detect default resource locations for test class [com.jojoldu.book.springboot.web.IndexControllerTest]: no resource found for suffixes {-context.xml, Context.groovy}.
2020-08-11 17:53:55.463  INFO 36360 --- [    Test worker] t.c.s.AnnotationConfigContextLoaderUtils : Could not detect default configuration classes for test class [com.jojoldu.book.springboot.web.IndexControllerTest]: IndexControllerTest does not declare any static, non-private, non-final, nested classes annotated with @Configuration.
2020-08-11 17:53:55.468  INFO 36360 --- [    Test worker] .b.t.c.SpringBootTestContextBootstrapper : Found @SpringBootConfiguration com.jojoldu.book.springboot.Application for test class com.jojoldu.book.springboot.web.IndexControllerTest
2020-08-11 17:53:55.470  INFO 36360 --- [    Test worker] .b.t.c.SpringBootTestContextBootstrapper : Loaded default TestExecutionListener class names from location [META-INF/spring.factories]: [org.springframework.security.test.context.support.WithSecurityContextTestExecutionListener, org.springframework.security.test.context.support.ReactorContextTestExecutionListener, org.springframework.boot.test.autoconfigure.restdocs.RestDocsTestExecutionListener, org.springframework.boot.test.autoconfigure.web.client.MockRestServiceServerResetTestExecutionListener, org.springframework.boot.test.autoconfigure.web.servlet.MockMvcPrintOnlyOnFailureTestExecutionListener, org.springframework.boot.test.autoconfigure.web.servlet.WebDriverTestExecutionListener, org.springframework.boot.test.mock.mockito.MockitoTestExecutionListener, org.springframework.boot.test.mock.mockito.ResetMocksTestExecutionListener, org.springframework.test.context.web.ServletTestExecutionListener, org.springframework.test.context.support.DirtiesContextBeforeModesTestExecutionListener, org.springframework.test.context.support.DependencyInjectionTestExecutionListener, org.springframework.test.context.support.DirtiesContextTestExecutionListener, org.springframework.test.context.transaction.TransactionalTestExecutionListener, org.springframework.test.context.jdbc.SqlScriptsTestExecutionListener]
2020-08-11 17:53:55.473  INFO 36360 --- [    Test worker] .b.t.c.SpringBootTestContextBootstrapper : Using TestExecutionListeners: [org.springframework.test.context.web.ServletTestExecutionListener@ee9da9e, org.springframework.test.context.support.DirtiesContextBeforeModesTestExecutionListener@3bfb3651, org.springframework.boot.test.mock.mockito.MockitoTestExecutionListener@66b71011, org.springframework.boot.test.autoconfigure.SpringBootDependencyInjectionTestExecutionListener@5bd3b317, org.springframework.test.context.support.DirtiesContextTestExecutionListener@1b2ebfd9, org.springframework.test.context.transaction.TransactionalTestExecutionListener@79854b53, org.springframework.test.context.jdbc.SqlScriptsTestExecutionListener@27ecfbea, org.springframework.security.test.context.support.WithSecurityContextTestExecutionListener@61e1af0b, org.springframework.security.test.context.support.ReactorContextTestExecutionListener@f5f1499, org.springframework.boot.test.autoconfigure.restdocs.RestDocsTestExecutionListener@5c5309f2, org.springframework.boot.test.autoconfigure.web.client.MockRestServiceServerResetTestExecutionListener@1ca09a39, org.springframework.boot.test.autoconfigure.web.servlet.MockMvcPrintOnlyOnFailureTestExecutionListener@70d5e751, org.springframework.boot.test.autoconfigure.web.servlet.WebDriverTestExecutionListener@759ce0e, org.springframework.boot.test.mock.mockito.ResetMocksTestExecutionListener@43814b8e]

  .   ____          _            __ _ _
 /\\ / ___'_ __ _ _(_)_ __  __ _ \ \ \ \
( ( )\___ | '_ | '_| | '_ \/ _` | \ \ \ \
 \\/  ___)| |_)| | | | | || (_| |  ) ) ) )
  '  |____| .__|_| |_|_| |_\__, | / / / /
 =========|_|==============|___/=/_/_/_/
 :: Spring Boot ::        (v2.1.7.RELEASE)

2020-08-11 17:53:55.538  INFO 36360 --- [    Test worker] c.j.b.s.web.IndexControllerTest          : Starting IndexControllerTest on DESKTOP-764N2AD with PID 36360 (started by sylee in C:\Users\sylee\IdeaProjects\freelec-springboot2-webservice)
2020-08-11 17:53:55.538  INFO 36360 --- [    Test worker] c.j.b.s.web.IndexControllerTest          : No active profile set, falling back to default profiles: default
2020-08-11 17:53:55.898  INFO 36360 --- [    Test worker] .s.d.r.c.RepositoryConfigurationDelegate : Bootstrapping Spring Data repositories in DEFAULT mode.
2020-08-11 17:53:55.943  INFO 36360 --- [    Test worker] .s.d.r.c.RepositoryConfigurationDelegate : Finished Spring Data repository scanning in 44ms. Found 2 repository interfaces.
2020-08-11 17:53:56.100  INFO 36360 --- [    Test worker] trationDelegate$BeanPostProcessorChecker : Bean 'org.springframework.transaction.annotation.ProxyTransactionManagementConfiguration' of type [org.springframework.transaction.annotation.ProxyTransactionManagementConfiguration$$EnhancerBySpringCGLIB$$c7bef456] is not eligible for getting processed by all BeanPostProcessors (for example: not eligible for auto-proxying)
2020-08-11 17:53:56.519  INFO 36360 --- [    Test worker] o.s.b.w.embedded.tomcat.TomcatWebServer  : Tomcat initialized with port(s): 0 (http)
2020-08-11 17:53:56.593  INFO 36360 --- [    Test worker] o.apache.catalina.core.StandardService   : Starting service [Tomcat]
2020-08-11 17:53:56.593  INFO 36360 --- [    Test worker] org.apache.catalina.core.StandardEngine  : Starting Servlet engine: [Apache Tomcat/9.0.22]
2020-08-11 17:53:56.615  INFO 36360 --- [    Test worker] o.a.catalina.core.AprLifecycleListener   : Loaded APR based Apache Tomcat Native library [1.2.24] using APR version [1.7.0].
2020-08-11 17:53:56.616  INFO 36360 --- [    Test worker] o.a.catalina.core.AprLifecycleListener   : APR capabilities: IPv6 [true], sendfile [true], accept filters [false], random [true].
2020-08-11 17:53:56.616  INFO 36360 --- [    Test worker] o.a.catalina.core.AprLifecycleListener   : APR/OpenSSL configuration: useAprConnector [false], useOpenSSL [true]
2020-08-11 17:53:56.624  INFO 36360 --- [    Test worker] o.a.catalina.core.AprLifecycleListener   : OpenSSL successfully initialized [OpenSSL 1.1.1g  21 Apr 2020]
2020-08-11 17:53:56.981  INFO 36360 --- [    Test worker] o.a.c.c.C.[Tomcat].[localhost].[/]       : Initializing Spring embedded WebApplicationContext
2020-08-11 17:53:56.981  INFO 36360 --- [    Test worker] o.s.web.context.ContextLoader            : Root WebApplicationContext: initialization completed in 1439 ms
2020-08-11 17:53:57.290  INFO 36360 --- [    Test worker] com.zaxxer.hikari.HikariDataSource       : HikariPool-2 - Starting...
2020-08-11 17:53:57.291  INFO 36360 --- [    Test worker] com.zaxxer.hikari.HikariDataSource       : HikariPool-2 - Start completed.
2020-08-11 17:53:57.346  INFO 36360 --- [    Test worker] o.hibernate.jpa.internal.util.LogHelper  : HHH000204: Processing PersistenceUnitInfo [
	name: default
	...]
2020-08-11 17:53:57.363  INFO 36360 --- [    Test worker] org.hibernate.dialect.Dialect            : HHH000400: Using dialect: org.hibernate.dialect.MySQL5InnoDBDialect
Hibernate: drop table if exists posts
Hibernate: drop table if exists user
Hibernate: create table posts (id bigint not null auto_increment, created_date datetime, modified_date datetime, author varchar(255), content TEXT not null, title varchar(500) not null, primary key (id)) engine=InnoDB
Hibernate: create table user (id bigint not null auto_increment, email varchar(255) not null, name varchar(255) not null, picture varchar(255), role varchar(255) not null, primary key (id)) engine=InnoDB
2020-08-11 17:53:57.456  INFO 36360 --- [    Test worker] o.h.t.schema.internal.SchemaCreatorImpl  : HHH000476: Executing import script 'org.hibernate.tool.schema.internal.exec.ScriptSourceInputNonExistentImpl@72d533c2'
2020-08-11 17:53:57.456  INFO 36360 --- [    Test worker] j.LocalContainerEntityManagerFactoryBean : Initialized JPA EntityManagerFactory for persistence unit 'default'
2020-08-11 17:53:57.952  INFO 36360 --- [    Test worker] o.h.h.i.QueryTranslatorFactoryInitiator  : HHH000397: Using ASTQueryTranslatorFactory
2020-08-11 17:53:58.227  INFO 36360 --- [    Test worker] o.s.s.web.DefaultSecurityFilterChain     : Creating filter chain: any request, [org.springframework.security.web.context.request.async.WebAsyncManagerIntegrationFilter@2cda2c9b, org.springframework.security.web.context.SecurityContextPersistenceFilter@1ff29859, org.springframework.security.web.header.HeaderWriterFilter@26183b81, org.springframework.security.web.authentication.logout.LogoutFilter@125ec02, org.springframework.security.oauth2.client.web.OAuth2AuthorizationRequestRedirectFilter@25bf2fc6, org.springframework.security.oauth2.client.web.OAuth2LoginAuthenticationFilter@f016cc6, org.springframework.security.web.authentication.ui.DefaultLoginPageGeneratingFilter@a1e8d48, org.springframework.security.web.authentication.ui.DefaultLogoutPageGeneratingFilter@1048094a, org.springframework.security.web.savedrequest.RequestCacheAwareFilter@459ae06c, org.springframework.security.web.servletapi.SecurityContextHolderAwareRequestFilter@22b90f6d, org.springframework.security.web.authentication.AnonymousAuthenticationFilter@4cd5d59a, org.springframework.security.web.session.SessionManagementFilter@e04d17b, org.springframework.security.web.access.ExceptionTranslationFilter@2c7ec992, org.springframework.security.web.access.intercept.FilterSecurityInterceptor@79d8aec4]
2020-08-11 17:53:58.527  INFO 36360 --- [    Test worker] o.s.s.concurrent.ThreadPoolTaskExecutor  : Initializing ExecutorService 'applicationTaskExecutor'
2020-08-11 17:53:58.546  WARN 36360 --- [    Test worker] aWebConfiguration$JpaWebMvcConfiguration : spring.jpa.open-in-view is enabled by default. Therefore, database queries may be performed during view rendering. Explicitly configure spring.jpa.open-in-view to disable this warning
2020-08-11 17:53:58.608  INFO 36360 --- [    Test worker] o.s.b.a.w.s.WelcomePageHandlerMapping    : Adding welcome page template: index
2020-08-11 17:53:59.037  INFO 36360 --- [    Test worker] s.a.ScheduledAnnotationBeanPostProcessor : No TaskScheduler/ScheduledExecutorService bean found for scheduled processing
2020-08-11 17:53:59.063  INFO 36360 --- [    Test worker] o.s.b.w.embedded.tomcat.TomcatWebServer  : Tomcat started on port(s): 5198 (http) with context path ''
2020-08-11 17:53:59.064  INFO 36360 --- [    Test worker] c.j.b.s.web.IndexControllerTest          : Started IndexControllerTest in 3.587 seconds (JVM running for 17.01)
2020-08-11 17:53:59.210  INFO 36360 --- [o-auto-1-exec-1] o.a.c.c.C.[Tomcat].[localhost].[/]       : Initializing Spring DispatcherServlet 'dispatcherServlet'
2020-08-11 17:53:59.210  INFO 36360 --- [o-auto-1-exec-1] o.s.web.servlet.DispatcherServlet        : Initializing Servlet 'dispatcherServlet'
2020-08-11 17:53:59.248  INFO 36360 --- [o-auto-1-exec-1] o.s.web.servlet.DispatcherServlet        : Completed initialization in 38 ms
Hibernate: select posts0_.id as id1_0_, posts0_.created_date as created_2_0_, posts0_.modified_date as modified3_0_, posts0_.author as author4_0_, posts0_.content as content5_0_, posts0_.title as title6_0_ from posts posts0_
]]></system-out>
  <system-err><![CDATA[]]></system-err>
</testsuite>
