<?xml version="1.0" encoding="UTF-8"?>
<testsuite name="com.jojoldu.book.springboot.web.dto.HelloResponseDtoTest" tests="1" skipped="0" failures="0" errors="0" timestamp="2020-09-23T09:07:39" hostname="DESKTOP-764N2AD" time="0.122">
  <properties/>
  <testcase name="lombok_func_test" classname="com.jojoldu.book.springboot.web.dto.HelloResponseDtoTest" time="0.122"/>
  <system-out><![CDATA[]]></system-out>
  <system-err><![CDATA[]]></system-err>
</testsuite>
